Saved theorem _______ "rn_more_b_exp"
Saved theorem _______ "rn_more_b_prog"
Saved theorem _______ "vmax_more_rn_base"
Saved theorem _______ "snd_of_func"
Saved theorem _______ "increase_vmax_inline"
Saved theorem _______ "rn_all_add_base_exp"
Saved theorem _______ "rn_all_add_base_prog"
Proved triviality ___ "ind_thm"
error in quse /Users/z5654475/Desktop/2025/2025_term1/TS/repos/from_source/cakeml/pancake/proofs/crep_inlineProofScript.sml : Fail "Static Errors"
error in load /Users/z5654475/Desktop/2025/2025_term1/TS/repos/from_source/cakeml/pancake/proofs/crep_inlineProofScript : Fail "Static Errors"
/Users/z5654475/Desktop/2025/2025_term1/TS/repos/from_source/cakeml/pancake/proofs/crep_inlineProofScript.sml:128: error: ) expected but val was found
/Users/z5654475/Desktop/2025/2025_term1/TS/repos/from_source/cakeml/pancake/proofs/crep_inlineProofScript.sml:128: error: ) expected but val was found
/Users/z5654475/Desktop/2025/2025_term1/TS/repos/from_source/cakeml/pancake/proofs/crep_inlineProofScript.sml:128: error: ) expected but val was found
Uncaught exception at ./basis/FinalPolyML.sml:492: Fail "Static Errors"
